Build started 2015-03-13 19:25:39.
     1>Project "D:\SKAPA\Programming\DV1541-3D-Project\3D Projekt\DirectX Projekt\DirectX Projekt\DirectX Projekt.vcxproj" on node 2 (Build target(s)).
     1>ClCompile:
         C:\Program Files (x86)\Microsoft Visual Studio 12.0\VC\bin\CL.exe /c /ZI /nologo /W3 /WX- /sdl /Od /Oy- /D WIN32 /D _DEBUG /D _WINDOWS /D _UNICODE /D UNICODE /Gm /EHsc /RTC1 /MDd /GS /fp:precise /Zc:wchar_t /Zc:forScope /Fo"Debug\\" /Fd"Debug\vc120.pdb" /Gd /TP /analyze- /errorReport:prompt ObjImport.cpp
         ObjImport.cpp
     1>d:\skapa\programming\dv1541-3d-project\3d projekt\directx projekt\directx projekt\objimport.cpp(175): warning C4018: '<' : signed/unsigned mismatch
     1>d:\skapa\programming\dv1541-3d-project\3d projekt\directx projekt\directx projekt\objimport.cpp(453): warning C4018: '<' : signed/unsigned mismatch
     1>d:\skapa\programming\dv1541-3d-project\3d projekt\directx projekt\directx projekt\objimport.cpp(493): warning C4018: '<' : signed/unsigned mismatch
     1>d:\skapa\programming\dv1541-3d-project\3d projekt\directx projekt\directx projekt\objimport.cpp(90): warning C4101: 'oTemp_texCoordIndex' : unreferenced local variable
     1>d:\skapa\programming\dv1541-3d-project\3d projekt\directx projekt\directx projekt\objimport.cpp(89): warning C4101: 'oTemp_vertNormIndex' : unreferenced local variable
     1>d:\skapa\programming\dv1541-3d-project\3d projekt\directx projekt\directx projekt\objimport.cpp(88): warning C4101: 'oTemp_vertPosIndex' : unreferenced local variable
       Link:
         C:\Program Files (x86)\Microsoft Visual Studio 12.0\VC\bin\link.exe /ERRORREPORT:PROMPT /OUT:"D:\SKAPA\Programming\DV1541-3D-Project\3D Projekt\DirectX Projekt\Debug\DirectX Projekt.exe" /INCREMENTAL /NOLOGO kernel32.lib user32.lib gdi32.lib winspool.lib comdlg32.lib advapi32.lib shell32.lib ole32.lib oleaut32.lib uuid.lib odbc32.lib odbccp32.lib /MANIFEST /MANIFESTUAC:"level='asInvoker' uiAccess='false'" /manifest:embed /DEBUG /PDB:"D:\SKAPA\Programming\DV1541-3D-Project\3D Projekt\DirectX Projekt\Debug\DirectX Projekt.pdb" /SUBSYSTEM:WINDOWS /TLBID:1 /DYNAMICBASE /NXCOMPAT /IMPLIB:"D:\SKAPA\Programming\DV1541-3D-Project\3D Projekt\DirectX Projekt\Debug\DirectX Projekt.lib" /MACHINE:X86 Debug\Main.obj
         Debug\GameTime.obj
         Debug\ObjImport.obj
     1>ObjImport.obj : error LNK2005: "struct DirectX::XMFLOAT3 __cdecl x_cross(struct DirectX::XMFLOAT3 const &,struct DirectX::XMFLOAT3 const &)" (?x_cross@@YA?AUXMFLOAT3@DirectX@@ABU12@0@Z) already defined in Main.obj
     1>ObjImport.obj : error LNK2005: "struct DirectX::XMFLOAT3 __cdecl x_sum(struct DirectX::XMFLOAT3 const &,struct DirectX::XMFLOAT3 const &)" (?x_sum@@YA?AUXMFLOAT3@DirectX@@ABU12@0@Z) already defined in Main.obj
     1>Main.obj : error LNK2019: unresolved external symbol "public: __thiscall Main::Main(void)" (??0Main@@QAE@XZ) referenced in function _wWinMain@16
     1>D:\SKAPA\Programming\DV1541-3D-Project\3D Projekt\DirectX Projekt\Debug\DirectX Projekt.exe : fatal error LNK1120: 1 unresolved externals
     1>Done Building Project "D:\SKAPA\Programming\DV1541-3D-Project\3D Projekt\DirectX Projekt\DirectX Projekt\DirectX Projekt.vcxproj" (Build target(s)) -- FAILED.

Build FAILED.

Time Elapsed 00:00:01.75
