Build started 2015-02-27 13:47:33.
     1>Project "D:\SKAPA\Programming\DV1541-3D-Project\TestProj\Demo.vcxproj" on node 2 (Build target(s)).
     1>FxCompile:
         C:\Program Files (x86)\Windows Kits\8.1\bin\x86\fxc.exe /nologo /E"GS_main" /T gs_5_0 /Fo "D:\SKAPA\Programming\DV1541-3D-Project\TestProj\x64\Debug\GeometryShader.cso" /Od /Zi GeometryShader.hlsl 
         compilation object save succeeded; see D:\SKAPA\Programming\DV1541-3D-Project\TestProj\x64\Debug\GeometryShader.cso
         C:\Program Files (x86)\Windows Kits\8.1\bin\x86\fxc.exe /nologo /E"PS_main" /T ps_5_0 /Fo "D:\SKAPA\Programming\DV1541-3D-Project\TestProj\x64\Debug\PixelShader.cso" /Od /Zi PixelShader.hlsl 
         compilation object save succeeded; see D:\SKAPA\Programming\DV1541-3D-Project\TestProj\x64\Debug\PixelShader.cso
         C:\Program Files (x86)\Windows Kits\8.1\bin\x86\fxc.exe /nologo /E"VS_main" /T vs_5_0 /Fo "D:\SKAPA\Programming\DV1541-3D-Project\TestProj\x64\Debug\VertexShader.cso" /Od /Zi VertexShader.hlsl 
         compilation object save succeeded; see D:\SKAPA\Programming\DV1541-3D-Project\TestProj\x64\Debug\VertexShader.cso
       ClCompile:
         C:\Program Files (x86)\Microsoft Visual Studio 12.0\VC\bin\x86_amd64\CL.exe /c /Zi /nologo /W3 /WX- /Od /D WIN32 /D _DEBUG /D _WINDOWS /D _UNICODE /D UNICODE /Gm /EHsc /RTC1 /MDd /GS /fp:precise /Zc:wchar_t /Zc:forScope /Fo"x64\Debug\\" /Fd"x64\Debug\vc120.pdb" /Gd /TP /errorReport:prompt main.cpp
         main.cpp
       Link:
         C:\Program Files (x86)\Microsoft Visual Studio 12.0\VC\bin\x86_amd64\link.exe /ERRORREPORT:PROMPT /OUT:"D:\SKAPA\Programming\DV1541-3D-Project\TestProj\x64\Debug\Demo.exe" /INCREMENTAL /NOLOGO kernel32.lib user32.lib gdi32.lib winspool.lib comdlg32.lib advapi32.lib shell32.lib ole32.lib oleaut32.lib uuid.lib odbc32.lib odbccp32.lib /MANIFEST /MANIFESTUAC:"level='asInvoker' uiAccess='false'" /manifest:embed /DEBUG /PDB:"D:\SKAPA\Programming\DV1541-3D-Project\TestProj\x64\Debug\Demo.pdb" /SUBSYSTEM:WINDOWS /TLBID:1 /ENTRY:"wWinMainCRTStartup" /DYNAMICBASE /NXCOMPAT /IMPLIB:"D:\SKAPA\Programming\DV1541-3D-Project\TestProj\x64\Debug\Demo.lib" /MACHINE:X64 /ENTRY:"wWinMainCRTStartup" x64\Debug\main.obj
     1>MSVCRTD.lib(wcrtexew.obj) : error LNK2019: unresolved external symbol wWinMain referenced in function __tmainCRTStartup
     1>D:\SKAPA\Programming\DV1541-3D-Project\TestProj\x64\Debug\Demo.exe : fatal error LNK1120: 1 unresolved externals
     1>Done Building Project "D:\SKAPA\Programming\DV1541-3D-Project\TestProj\Demo.vcxproj" (Build target(s)) -- FAILED.

Build FAILED.

Time Elapsed 00:00:02.17
