Build started 2015-02-27 13:42:17.
     1>Project "D:\SKAPA\Programming\DV1541-3D-Project\TestProj\Demo.vcxproj" on node 2 (Build target(s)).
     1>Link:
         C:\Program Files (x86)\Microsoft Visual Studio 12.0\VC\bin\link.exe /ERRORREPORT:PROMPT /OUT:"D:\SKAPA\Programming\DV1541-3D-Project\TestProj\Debug\Demo.exe" /INCREMENTAL /NOLOGO kernel32.lib user32.lib gdi32.lib winspool.lib comdlg32.lib advapi32.lib shell32.lib ole32.lib oleaut32.lib uuid.lib odbc32.lib odbccp32.lib /MANIFEST /MANIFESTUAC:"level='asInvoker' uiAccess='false'" /manifest:embed /DEBUG /PDB:"D:\SKAPA\Programming\DV1541-3D-Project\TestProj\Debug\Demo.pdb" /SUBSYSTEM:WINDOWS /TLBID:1 /ENTRY:"wWinMainCRTStartup" /DYNAMICBASE /NXCOMPAT /IMPLIB:"D:\SKAPA\Programming\DV1541-3D-Project\TestProj\Debug\Demo.lib" /MACHINE:X86 /ENTRY:"wWinMainCRTStartup" Debug\main.obj
     1>MSVCRTD.lib(wcrtexew.obj) : error LNK2019: unresolved external symbol _wWinMain@16 referenced in function ___tmainCRTStartup
     1>D:\SKAPA\Programming\DV1541-3D-Project\TestProj\Debug\Demo.exe : fatal error LNK1120: 1 unresolved externals
     1>Done Building Project "D:\SKAPA\Programming\DV1541-3D-Project\TestProj\Demo.vcxproj" (Build target(s)) -- FAILED.

Build FAILED.

Time Elapsed 00:00:00.12
